TN:
SF:F:\Software\Lambda\Projects\friendFinderBackend\knexfile.js
FN:18,(anonymous_0)
FN:36,(anonymous_1)
FNF:2
FNH:1
FNDA:3,(anonymous_0)
FNDA:0,(anonymous_1)
DA:3,3
DA:19,3
DA:37,0
LF:3
LH:2
BRF:0
BRH:0
end_of_record
TN:
SF:F:\Software\Lambda\Projects\friendFinderBackend\server.js
FNF:0
FNH:0
DA:1,3
DA:2,3
DA:3,3
DA:4,3
DA:5,3
DA:8,3
DA:9,3
DA:10,3
DA:11,3
DA:12,3
DA:14,3
DA:16,3
DA:17,3
DA:18,3
DA:20,3
DA:21,3
DA:22,3
DA:23,3
DA:24,3
DA:26,3
LF:20
LH:20
BRF:0
BRH:0
end_of_record
TN:
SF:F:\Software\Lambda\Projects\friendFinderBackend\data\countryModel.js
FN:6,find
FNF:1
FNH:0
FNDA:0,find
DA:1,3
DA:2,3
DA:7,0
LF:3
LH:2
BRF:0
BRH:0
end_of_record
TN:
SF:F:\Software\Lambda\Projects\friendFinderBackend\data\countryRouter.js
FN:8,handleCountryGet
FN:9,(anonymous_1)
FN:13,(anonymous_2)
FNF:3
FNH:0
FNDA:0,handleCountryGet
FNDA:0,(anonymous_1)
FNDA:0,(anonymous_2)
DA:1,3
DA:2,3
DA:4,3
DA:6,3
DA:9,0
DA:10,0
DA:11,0
DA:14,0
DA:15,0
DA:19,3
LF:10
LH:5
BRF:0
BRH:0
end_of_record
TN:
SF:F:\Software\Lambda\Projects\friendFinderBackend\data\dbConfig.js
FNF:0
FNH:0
DA:1,3
DA:2,3
DA:3,3
DA:4,3
LF:4
LH:4
BRDA:3,0,0,3
BRDA:3,0,1,3
BRF:2
BRH:2
end_of_record
TN:
SF:F:\Software\Lambda\Projects\friendFinderBackend\data\auth\authModel.js
FN:9,find
FN:13,add
FN:17,findBy
FNF:3
FNH:2
FNDA:0,find
FNDA:6,add
FNDA:1,findBy
DA:1,3
DA:3,3
DA:10,0
DA:14,6
DA:18,1
LF:5
LH:4
BRF:0
BRH:0
end_of_record
TN:
SF:F:\Software\Lambda\Projects\friendFinderBackend\data\auth\authRouter.js
FN:12,handleUsersGet
FN:14,(anonymous_1)
FN:18,(anonymous_2)
FN:24,handleUSerLogin
FN:27,(anonymous_4)
FN:37,(anonymous_5)
FN:42,generateToken
FN:55,handleUserRegistration
FN:63,(anonymous_8)
FN:69,(anonymous_9)
FNF:10
FNH:4
FNDA:0,handleUsersGet
FNDA:0,(anonymous_1)
FNDA:0,(anonymous_2)
FNDA:1,handleUSerLogin
FNDA:1,(anonymous_4)
FNDA:0,(anonymous_5)
FNDA:0,generateToken
FNDA:6,handleUserRegistration
FNDA:0,(anonymous_8)
FNDA:6,(anonymous_9)
DA:1,3
DA:2,3
DA:3,3
DA:4,3
DA:6,3
DA:8,3
DA:9,3
DA:10,3
DA:13,0
DA:15,0
DA:16,0
DA:19,0
DA:20,0
DA:25,1
DA:26,1
DA:28,1
DA:29,0
DA:30,0
DA:34,1
DA:38,0
DA:43,0
DA:47,0
DA:51,0
DA:52,0
DA:56,6
DA:60,6
DA:61,6
DA:62,6
DA:64,0
DA:70,6
DA:71,6
DA:74,3
LF:32
LH:19
BRDA:28,0,0,0
BRDA:28,0,1,1
BRF:2
BRH:1
end_of_record
TN:
SF:F:\Software\Lambda\Projects\friendFinderBackend\data\auth\authenticate.js
FN:2,restricted
FN:5,(anonymous_1)
FNF:2
FNH:0
FNDA:0,restricted
FNDA:0,(anonymous_1)
DA:1,3
DA:3,0
DA:4,0
DA:5,0
DA:6,0
DA:7,0
DA:9,0
DA:10,0
DA:14,0
DA:18,3
LF:10
LH:2
BRDA:4,0,0,0
BRDA:4,0,1,0
BRDA:6,1,0,0
BRDA:6,1,1,0
BRF:4
BRH:0
end_of_record
TN:
SF:F:\Software\Lambda\Projects\friendFinderBackend\data\matches\matchModel.js
FN:12,updateMatches
FN:23,findMatches
FN:36,insertMatches
FN:39,(anonymous_3)
FN:49,(anonymous_4)
FN:51,findMatch
FN:57,findById
FN:61,(anonymous_7)
FN:66,potentialFriends
FN:94,(anonymous_9)
FNF:10
FNH:0
FNDA:0,updateMatches
FNDA:0,findMatches
FNDA:0,insertMatches
FNDA:0,(anonymous_3)
FNDA:0,(anonymous_4)
FNDA:0,findMatch
FNDA:0,findById
FNDA:0,(anonymous_7)
FNDA:0,potentialFriends
FNDA:0,(anonymous_9)
DA:1,3
DA:3,3
DA:13,0
DA:24,0
DA:37,0
DA:38,0
DA:39,0
DA:40,0
DA:45,0
DA:47,0
DA:49,0
DA:52,0
DA:58,0
DA:61,0
DA:63,0
DA:67,0
DA:94,0
LF:17
LH:2
BRF:0
BRH:0
end_of_record
TN:
SF:F:\Software\Lambda\Projects\friendFinderBackend\data\matches\matchRouter.js
FN:10,handleMatchesPut
FN:14,(anonymous_1)
FN:18,(anonymous_2)
FN:24,handleMatches
FN:27,(anonymous_4)
FN:31,(anonymous_5)
FNF:6
FNH:0
FNDA:0,handleMatchesPut
FNDA:0,(anonymous_1)
FNDA:0,(anonymous_2)
FNDA:0,handleMatches
FNDA:0,(anonymous_4)
FNDA:0,(anonymous_5)
DA:1,3
DA:2,3
DA:3,3
DA:4,3
DA:7,3
DA:8,3
DA:11,0
DA:12,0
DA:13,0
DA:15,0
DA:16,0
DA:19,0
DA:20,0
DA:25,0
DA:26,0
DA:28,0
DA:29,0
DA:32,0
DA:33,0
DA:37,3
LF:20
LH:7
BRF:0
BRH:0
end_of_record
TN:
SF:F:\Software\Lambda\Projects\friendFinderBackend\data\messages\messagesModel.js
FN:9,findById
FN:12,add
FN:17,find
FNF:3
FNH:0
FNDA:0,findById
FNDA:0,add
FNDA:0,find
DA:1,3
DA:3,3
DA:10,0
DA:13,0
DA:18,0
LF:5
LH:2
BRF:0
BRH:0
end_of_record
TN:
SF:F:\Software\Lambda\Projects\friendFinderBackend\data\messages\messagesRouter.js
FN:9,handleMsgGet
FN:11,(anonymous_1)
FN:15,(anonymous_2)
FN:21,handleMsgPost
FN:24,(anonymous_4)
FN:28,(anonymous_5)
FNF:6
FNH:0
FNDA:0,handleMsgGet
FNDA:0,(anonymous_1)
FNDA:0,(anonymous_2)
FNDA:0,handleMsgPost
FNDA:0,(anonymous_4)
FNDA:0,(anonymous_5)
DA:1,3
DA:2,3
DA:3,3
DA:4,3
DA:6,3
DA:7,3
DA:10,0
DA:12,0
DA:13,0
DA:16,0
DA:17,0
DA:22,0
DA:23,0
DA:25,0
DA:26,0
DA:29,0
DA:30,0
DA:34,3
LF:18
LH:7
BRF:0
BRH:0
end_of_record
TN:
SF:F:\Software\Lambda\Projects\friendFinderBackend\data\questions\questionsModel.js
FN:9,add
FN:11,(anonymous_1)
FN:14,find
FNF:3
FNH:0
FNDA:0,add
FNDA:0,(anonymous_1)
FNDA:0,find
DA:1,3
DA:2,3
DA:4,3
DA:10,0
DA:11,0
DA:15,0
LF:6
LH:3
BRF:0
BRH:0
end_of_record
TN:
SF:F:\Software\Lambda\Projects\friendFinderBackend\data\questions\questionsRouter.js
FN:11,handleAnswersPost
FN:15,(anonymous_1)
FN:19,(anonymous_2)
FN:25,handleQuestionsGet
FN:27,(anonymous_4)
FN:31,(anonymous_5)
FNF:6
FNH:0
FNDA:0,handleAnswersPost
FNDA:0,(anonymous_1)
FNDA:0,(anonymous_2)
FNDA:0,handleQuestionsGet
FNDA:0,(anonymous_4)
FNDA:0,(anonymous_5)
DA:1,3
DA:2,3
DA:3,3
DA:6,3
DA:8,3
DA:9,3
DA:12,0
DA:13,0
DA:14,0
DA:16,0
DA:20,0
DA:21,0
DA:26,0
DA:28,0
DA:29,0
DA:32,0
DA:33,0
DA:37,3
LF:18
LH:7
BRF:0
BRH:0
end_of_record
